D:\Studying Doc\游戏资料\小玩\打老师\00\00\Debug\00.exe.embed.manifest
D:\STUDYING DOC\游戏资料\小玩\打老师\00\00\DEBUG\00.EXE.EMBED.MANIFEST.RES
D:\STUDYING DOC\游戏资料\小玩\打老师\00\00\DEBUG\00.EXE.INTERMEDIATE.MANIFEST
D:\Studying Doc\游戏资料\小玩\打老师\00\00\Debug\00.res
D:\Studying Doc\游戏资料\小玩\打老师\00\00\Debug\00_manifest.rc
D:\STUDYING DOC\游戏资料\小玩\打老师\00\00\DEBUG\BITMAP.OBJ
D:\Studying Doc\游戏资料\小玩\打老师\00\00\Debug\cl.command.1.tlog
D:\Studying Doc\游戏资料\小玩\打老师\00\00\Debug\CL.read.1.tlog
D:\Studying Doc\游戏资料\小玩\打老师\00\00\Debug\CL.write.1.tlog
D:\STUDYING DOC\游戏资料\小玩\打老师\00\00\DEBUG\GAMEENGINE.OBJ
D:\STUDYING DOC\游戏资料\小玩\打老师\00\00\DEBUG\GAMEMAIN.OBJ
D:\Studying Doc\游戏资料\小玩\打老师\00\00\Debug\link.3668.read.1.tlog
D:\Studying Doc\游戏资料\小玩\打老师\00\00\Debug\link.3668.write.1.tlog
D:\Studying Doc\游戏资料\小玩\打老师\00\00\Debug\link.3668-cvtres.read.1.tlog
D:\Studying Doc\游戏资料\小玩\打老师\00\00\Debug\link.3668-cvtres.write.1.tlog
D:\Studying Doc\游戏资料\小玩\打老师\00\00\Debug\link.3776.read.1.tlog
D:\Studying Doc\游戏资料\小玩\打老师\00\00\Debug\link.3776.write.1.tlog
D:\Studying Doc\游戏资料\小玩\打老师\00\00\Debug\link.3776-cvtres.read.1.tlog
D:\Studying Doc\游戏资料\小玩\打老师\00\00\Debug\link.3776-cvtres.write.1.tlog
D:\Studying Doc\游戏资料\小玩\打老师\00\00\Debug\link.4316.read.1.tlog
D:\Studying Doc\游戏资料\小玩\打老师\00\00\Debug\link.4316.write.1.tlog
D:\Studying Doc\游戏资料\小玩\打老师\00\00\Debug\link.4316-cvtres.read.1.tlog
D:\Studying Doc\游戏资料\小玩\打老师\00\00\Debug\link.4316-cvtres.write.1.tlog
D:\Studying Doc\游戏资料\小玩\打老师\00\00\Debug\link.4760.read.1.tlog
D:\Studying Doc\游戏资料\小玩\打老师\00\00\Debug\link.4760.write.1.tlog
D:\Studying Doc\游戏资料\小玩\打老师\00\00\Debug\link.4760-cvtres.read.1.tlog
D:\Studying Doc\游戏资料\小玩\打老师\00\00\Debug\link.4760-cvtres.write.1.tlog
D:\Studying Doc\游戏资料\小玩\打老师\00\00\Debug\link.5148.read.1.tlog
D:\Studying Doc\游戏资料\小玩\打老师\00\00\Debug\link.5148.write.1.tlog
D:\Studying Doc\游戏资料\小玩\打老师\00\00\Debug\link.5148-cvtres.read.1.tlog
D:\Studying Doc\游戏资料\小玩\打老师\00\00\Debug\link.5148-cvtres.write.1.tlog
D:\Studying Doc\游戏资料\小玩\打老师\00\00\Debug\link.5596.read.1.tlog
D:\Studying Doc\游戏资料\小玩\打老师\00\00\Debug\link.5596.write.1.tlog
D:\Studying Doc\游戏资料\小玩\打老师\00\00\Debug\link.5596-cvtres.read.1.tlog
D:\Studying Doc\游戏资料\小玩\打老师\00\00\Debug\link.5596-cvtres.write.1.tlog
D:\Studying Doc\游戏资料\小玩\打老师\00\00\Debug\link.5680.read.1.tlog
D:\Studying Doc\游戏资料\小玩\打老师\00\00\Debug\link.5680.write.1.tlog
D:\Studying Doc\游戏资料\小玩\打老师\00\00\Debug\link.5680-cvtres.read.1.tlog
D:\Studying Doc\游戏资料\小玩\打老师\00\00\Debug\link.5680-cvtres.write.1.tlog
D:\Studying Doc\游戏资料\小玩\打老师\00\00\Debug\link.6376.read.1.tlog
D:\Studying Doc\游戏资料\小玩\打老师\00\00\Debug\link.6376.write.1.tlog
D:\Studying Doc\游戏资料\小玩\打老师\00\00\Debug\link.6376-cvtres.read.1.tlog
D:\Studying Doc\游戏资料\小玩\打老师\00\00\Debug\link.6376-cvtres.write.1.tlog
D:\Studying Doc\游戏资料\小玩\打老师\00\00\Debug\link.command.1.tlog
D:\Studying Doc\游戏资料\小玩\打老师\00\00\Debug\link.read.1.tlog
D:\Studying Doc\游戏资料\小玩\打老师\00\00\Debug\link.write.1.tlog
D:\Studying Doc\游戏资料\小玩\打老师\00\00\Debug\link-cvtres.read.1.tlog
D:\Studying Doc\游戏资料\小玩\打老师\00\00\Debug\link-cvtres.write.1.tlog
D:\Studying Doc\游戏资料\小玩\打老师\00\00\Debug\mt.command.1.tlog
D:\Studying Doc\游戏资料\小玩\打老师\00\00\Debug\mt.read.1.tlog
D:\Studying Doc\游戏资料\小玩\打老师\00\00\Debug\mt.write.1.tlog
D:\Studying Doc\游戏资料\小玩\打老师\00\00\Debug\rc.command.1.tlog
D:\Studying Doc\游戏资料\小玩\打老师\00\00\Debug\rc.read.1.tlog
D:\Studying Doc\游戏资料\小玩\打老师\00\00\Debug\rc.write.1.tlog
D:\STUDYING DOC\游戏资料\小玩\打老师\00\00\DEBUG\SPRITE.OBJ
D:\Studying Doc\游戏资料\小玩\打老师\00\00\Debug\vc100.idb
D:\STUDYING DOC\游戏资料\小玩\打老师\00\00\DEBUG\VC100.PDB
D:\STUDYING DOC\游戏资料\小玩\打老师\00\DEBUG\00.EXE
D:\STUDYING DOC\游戏资料\小玩\打老师\00\DEBUG\00.ILK
D:\STUDYING DOC\游戏资料\小玩\打老师\00\DEBUG\00.PDB
D:\STUDYING DOC\游戏资料\游戏引擎\VSGAMEENGINE - END\00\00\DEBUG\00.EXE.EMBED.MANIFEST
D:\STUDYING DOC\游戏资料\游戏引擎\VSGAMEENGINE - END\00\00\DEBUG\00.EXE.EMBED.MANIFEST.RES
D:\STUDYING DOC\游戏资料\游戏引擎\VSGAMEENGINE - END\00\00\DEBUG\00.EXE.INTERMEDIATE.MANIFEST
D:\STUDYING DOC\游戏资料\游戏引擎\VSGAMEENGINE - END\00\00\DEBUG\00.RES
D:\STUDYING DOC\游戏资料\游戏引擎\VSGAMEENGINE - END\00\00\DEBUG\BITMAP.OBJ
D:\STUDYING DOC\游戏资料\游戏引擎\VSGAMEENGINE - END\00\00\DEBUG\GAMEENGINE.OBJ
D:\STUDYING DOC\游戏资料\游戏引擎\VSGAMEENGINE - END\00\00\DEBUG\GAMEMAIN.OBJ
D:\STUDYING DOC\游戏资料\游戏引擎\VSGAMEENGINE - END\00\00\DEBUG\SPRITE.OBJ
D:\STUDYING DOC\游戏资料\游戏引擎\VSGAMEENGINE - END\00\00\DEBUG\VC100.PDB
D:\STUDYING DOC\游戏资料\游戏引擎\VSGAMEENGINE - END\00\DEBUG\00.EXE
D:\STUDYING DOC\游戏资料\游戏引擎\VSGAMEENGINE - END\00\DEBUG\00.ILK
D:\STUDYING DOC\游戏资料\游戏引擎\VSGAMEENGINE - END\00\DEBUG\00.PDB
