生成启动时间为 2013/10/28 20:29:01。
     1>项目“D:\Studying Doc\游戏资料\小玩\打老师\00\00\00.vcxproj”在节点 2 上(build 个目标)。
     1>InitializeBuildStatus:
         正在创建“Debug\00.unsuccessfulbuild”，因为已指定“AlwaysCreate”。
       ClCompile:
         e:\LearningSoftware\VS2010\Program Files\Microsoft Visual Studio 10.0\VC\bin\CL.exe /c /ZI /nologo /W3 /WX- /Od /Oy- /D WIN32 /D _DEBUG /D _WINDOWS /D _UNICODE /D UNICODE /Gm /EHsc /RTC1 /MDd /GS /fp:precise /Zc:wchar_t /Zc:forScope /Fo"Debug\\" /Fd"Debug\vc100.pdb" /Gd /TP /analyze- /errorReport:prompt GameMain.cpp
         GameMain.cpp
       ManifestResourceCompile:
         所有输出均为最新。
       Link:
         e:\LearningSoftware\VS2010\Program Files\Microsoft Visual Studio 10.0\VC\bin\link.exe /ERRORREPORT:PROMPT /OUT:"D:\Studying Doc\游戏资料\小玩\打老师\00\Debug\00.exe" /INCREMENTAL /NOLOGO msimg32.lib kernel32.lib user32.lib gdi32.lib winspool.lib comdlg32.lib advapi32.lib shell32.lib ole32.lib oleaut32.lib uuid.lib odbc32.lib odbccp32.lib kernel32.lib user32.lib gdi32.lib winspool.lib comdlg32.lib advapi32.lib shell32.lib ole32.lib oleaut32.lib uuid.lib odbc32.lib odbccp32.lib /MANIFEST /ManifestFile:"Debug\00.exe.intermediate.manifest" /MANIFESTUAC:"level='asInvoker' uiAccess='false'" /DEBUG /PDB:"D:\Studying Doc\游戏资料\小玩\打老师\00\Debug\00.pdb" /SUBSYSTEM:WINDOWS /TLBID:1 /DYNAMICBASE /NXCOMPAT /IMPLIB:"D:\Studying Doc\游戏资料\小玩\打老师\00\Debug\00.lib" /MACHINE:X86 Debug\00.exe.embed.manifest.res
         Debug\Bitmap.obj
         Debug\GameEngine.obj
         Debug\GameMain.obj
         Debug\Sprite.obj
       Manifest:
         C:\Program Files (x86)\Microsoft SDKs\Windows\v7.0A\bin\mt.exe /nologo /verbose /out:"Debug\00.exe.embed.manifest" /manifest Debug\00.exe.intermediate.manifest
         所有输出均为最新。
       LinkEmbedManifest:
         所有输出均为最新。
         00.vcxproj -> D:\Studying Doc\游戏资料\小玩\打老师\00\Debug\00.exe
       FinalizeBuildStatus:
         正在删除文件“Debug\00.unsuccessfulbuild”。
         正在对“Debug\00.lastbuildstate”执行 Touch 任务。
     1>已完成生成项目“D:\Studying Doc\游戏资料\小玩\打老师\00\00\00.vcxproj”(build 个目标)的操作。

生成成功。

已用时间 00:00:01.12
