生成启动时间为 2014/6/18 10:30:52。
     1>项目“D:\Studying Doc\游戏资料\游戏开发笔记\Directx\小玩\RoamSystem-Fire\RoamSystem-Fire.vcxproj”在节点 2 上(build 个目标)。
     1>InitializeBuildStatus:
         正在创建“Debug\RoamSystem-Fire.unsuccessfulbuild”，因为已指定“AlwaysCreate”。
       ClCompile:
         e:\LearningSoftware\VS2010\Program Files\Microsoft Visual Studio 10.0\VC\bin\CL.exe /c /ZI /nologo /W3 /WX- /Od /Oy- /D WIN32 /D _DEBUG /D _WINDOWS /Gm /EHsc /RTC1 /MDd /GS /fp:precise /Zc:wchar_t /Zc:forScope /Fo"Debug\\" /Fd"Debug\vc100.pdb" /Gd /TP /analyze- /errorReport:prompt Enemy.cpp
         Enemy.cpp
     1>d:\studying doc\游戏资料\游戏开发笔记\directx\小玩\roamsystem-fire\enemy.cpp(69): warning C4244: “参数”: 从“double”转换到“float”，可能丢失数据
     1>d:\studying doc\游戏资料\游戏开发笔记\directx\小玩\roamsystem-fire\enemy.cpp(127): warning C4244: “return”: 从“float”转换到“int”，可能丢失数据
       ManifestResourceCompile:
         所有输出均为最新。
       Link:
         e:\LearningSoftware\VS2010\Program Files\Microsoft Visual Studio 10.0\VC\bin\link.exe /ERRORREPORT:PROMPT /OUT:"D:\Studying Doc\游戏资料\游戏开发笔记\Directx\小玩\RoamSystem-Fire\Debug\RoamSystem-Fire.exe" /INCREMENTAL /NOLOGO msimg32.lib kernel32.lib user32.lib gdi32.lib winspool.lib comdlg32.lib advapi32.lib shell32.lib ole32.lib oleaut32.lib uuid.lib odbc32.lib odbccp32.lib kernel32.lib user32.lib gdi32.lib winspool.lib comdlg32.lib advapi32.lib shell32.lib ole32.lib oleaut32.lib uuid.lib odbc32.lib odbccp32.lib /MANIFEST /ManifestFile:"Debug\RoamSystem-Fire.exe.intermediate.manifest" /MANIFESTUAC:"level='asInvoker' uiAccess='false'" /DEBUG /PDB:"D:\Studying Doc\游戏资料\游戏开发笔记\Directx\小玩\RoamSystem-Fire\Debug\RoamSystem-Fire.pdb" /SUBSYSTEM:WINDOWS /TLBID:1 /DYNAMICBASE /NXCOMPAT /IMPLIB:"D:\Studying Doc\游戏资料\游戏开发笔记\Directx\小玩\RoamSystem-Fire\Debug\RoamSystem-Fire.lib" /MACHINE:X86 "Debug\RoamSystem-Fire.exe.embed.manifest.res"
         Debug\Camera.obj
         Debug\D3DApp.obj
         Debug\Enemy.obj
         Debug\FPSGame.obj
         Debug\Input.obj
         Debug\Light.obj
         Debug\Main.obj
         Debug\Material.obj
         Debug\MyGun.obj
         Debug\SkinMesh.obj
         Debug\SkyBox.obj
         Debug\Sound.obj
         Debug\Terrain.obj
         Debug\Timer.obj
       Manifest:
         C:\Program Files (x86)\Microsoft SDKs\Windows\v7.0A\bin\mt.exe /nologo /verbose /out:"Debug\RoamSystem-Fire.exe.embed.manifest" /manifest "Debug\RoamSystem-Fire.exe.intermediate.manifest"
         所有输出均为最新。
       LinkEmbedManifest:
         所有输出均为最新。
         RoamSystem-Fire.vcxproj -> D:\Studying Doc\游戏资料\游戏开发笔记\Directx\小玩\RoamSystem-Fire\Debug\RoamSystem-Fire.exe
       FinalizeBuildStatus:
         正在删除文件“Debug\RoamSystem-Fire.unsuccessfulbuild”。
         正在对“Debug\RoamSystem-Fire.lastbuildstate”执行 Touch 任务。
     1>已完成生成项目“D:\Studying Doc\游戏资料\游戏开发笔记\Directx\小玩\RoamSystem-Fire\RoamSystem-Fire.vcxproj”(build 个目标)的操作。

生成成功。

已用时间 00:00:01.51
