生成启动时间为 2014/4/13 10:47:12。
     1>项目“D:\Code\DirectX\VS_Terrain\VS_Terrain.vcxproj”在节点 2 上(build 个目标)。
     1>InitializeBuildStatus:
         正在创建“Release\VS_Terrain.unsuccessfulbuild”，因为已指定“AlwaysCreate”。
       ClCompile:
         e:\LearningSoftware\VS2010\Program Files\Microsoft Visual Studio 10.0\VC\bin\CL.exe /c /Zi /nologo /W3 /WX- /O2 /Oi /Oy- /GL /D WIN32 /D NDEBUG /D _WINDOWS /Gm- /EHsc /MD /GS /Gy /fp:precise /Zc:wchar_t /Zc:forScope /Fo"Release\\" /Fd"Release\vc100.pdb" /Gd /TP /analyze- /errorReport:prompt main.cpp
         main.cpp
       Link:
         e:\LearningSoftware\VS2010\Program Files\Microsoft Visual Studio 10.0\VC\bin\link.exe /ERRORREPORT:PROMPT /OUT:"D:\Code\DirectX\VS_Terrain\Release\VS_Terrain.exe" /INCREMENTAL:NO /NOLOGO msimg32.lib kernel32.lib user32.lib gdi32.lib winspool.lib comdlg32.lib advapi32.lib shell32.lib ole32.lib oleaut32.lib uuid.lib odbc32.lib odbccp32.lib kernel32.lib user32.lib gdi32.lib winspool.lib comdlg32.lib advapi32.lib shell32.lib ole32.lib oleaut32.lib uuid.lib odbc32.lib odbccp32.lib /MANIFEST /ManifestFile:"Release\VS_Terrain.exe.intermediate.manifest" /MANIFESTUAC:"level='asInvoker' uiAccess='false'" /DEBUG /PDB:"D:\Code\DirectX\VS_Terrain\Release\VS_Terrain.pdb" /SUBSYSTEM:WINDOWS /OPT:REF /OPT:ICF /LTCG /TLBID:1 /DYNAMICBASE /NXCOMPAT /IMPLIB:"D:\Code\DirectX\VS_Terrain\Release\VS_Terrain.lib" /MACHINE:X86 Release\Billboard.obj
         Release\CCamera.obj
         Release\CFrustum.obj
         Release\CImage.obj
         Release\CTerrain.obj
         Release\D3DApp.obj
         Release\main.obj
         Release\particles.obj
         Release\Timer.obj
         Release\WaterPlane.obj
         正在生成代码
         已完成代码的生成
         VS_Terrain.vcxproj -> D:\Code\DirectX\VS_Terrain\Release\VS_Terrain.exe
       Manifest:
         C:\Program Files (x86)\Microsoft SDKs\Windows\v7.0A\bin\mt.exe /nologo /verbose /outputresource:"D:\Code\DirectX\VS_Terrain\Release\VS_Terrain.exe;#1" /manifest Release\VS_Terrain.exe.intermediate.manifest
       FinalizeBuildStatus:
         正在删除文件“Release\VS_Terrain.unsuccessfulbuild”。
         正在对“Release\VS_Terrain.lastbuildstate”执行 Touch 任务。
     1>已完成生成项目“D:\Code\DirectX\VS_Terrain\VS_Terrain.vcxproj”(build 个目标)的操作。

生成成功。

已用时间 00:00:01.74
